{"contracts/CryptoCapsule.sol":{"l":{"49":19,"50":18,"51":16,"52":15,"53":14,"55":12,"56":31,"57":30,"58":30,"61":11,"62":11,"80":11,"81":11,"82":11,"83":11,"87":13,"88":13,"89":13,"90":12,"91":11,"92":8,"93":8,"95":7,"96":7,"97":7,"99":7,"100":7,"102":7,"103":7,"104":9,"105":9,"108":7,"112":15,"113":14,"114":12,"115":12,"116":10,"117":10,"119":9,"120":30,"121":29,"122":29,"124":29,"125":29,"126":103,"127":16,"128":16,"129":16,"132":29,"133":13,"134":13,"137":8,"139":6,"141":6,"145":5,"146":4,"147":4,"148":3,"149":2,"150":1,"151":1,"152":1,"153":1,"159":11,"163":34,"164":33,"168":4,"172":2,"173":2,"174":2,"175":1,"177":2,"181":6,"182":6,"183":6,"184":15,"186":6},"path":"/Users/richard/Downloads/crypto-capsule/contracts/CryptoCapsule.sol","s":{"1":19,"2":18,"3":16,"4":15,"5":14,"6":12,"7":31,"8":30,"9":30,"10":11,"11":11,"12":11,"13":11,"14":11,"15":11,"16":13,"17":13,"18":13,"19":12,"20":11,"21":8,"22":8,"23":7,"24":7,"25":7,"26":7,"27":7,"28":7,"29":2,"30":7,"31":9,"32":9,"33":7,"34":15,"35":14,"36":12,"37":12,"38":10,"39":10,"40":9,"41":30,"42":29,"43":29,"44":29,"45":29,"46":103,"47":16,"48":16,"49":29,"50":13,"51":13,"52":8,"53":6,"54":6,"55":5,"56":4,"57":4,"58":3,"59":2,"60":1,"61":1,"62":1,"63":1,"64":11,"65":34,"66":33,"67":4,"68":2,"69":2,"70":2,"71":1,"72":2,"73":6,"74":6,"75":6,"76":15,"77":6},"b":{"1":[18,1],"2":[16,2],"3":[15,1],"4":[14,1],"5":[12,2],"6":[30,1],"7":[13,0],"8":[12,1],"9":[11,1],"10":[8,3],"11":[7,1],"12":[2,5],"13":[14,1],"14":[12,2],"15":[10,2],"16":[10,0],"17":[9,1],"18":[29,1],"19":[16,87],"20":[13,16],"21":[6,2],"22":[4,1],"23":[3,1],"24":[2,1],"25":[1,1],"26":[33,1]},"f":{"1":6,"2":19,"3":13,"4":15,"5":5,"6":11,"7":34,"8":4,"9":2,"10":6},"fnMap":{"1":{"name":"constructor","line":36,"loc":{"start":{"line":36,"column":4},"end":{"line":36,"column":30}}},"2":{"name":"createCapsule","line":40,"loc":{"start":{"line":40,"column":4},"end":{"line":84,"column":4}}},"3":{"name":"openCapsule","line":86,"loc":{"start":{"line":86,"column":4},"end":{"line":109,"column":4}}},"4":{"name":"addAssets","line":111,"loc":{"start":{"line":111,"column":4},"end":{"line":142,"column":4}}},"5":{"name":"updateBeneficiary","line":144,"loc":{"start":{"line":144,"column":4},"end":{"line":154,"column":4}}},"6":{"name":"getCapsuleCount","line":158,"loc":{"start":{"line":158,"column":4},"end":{"line":160,"column":4}}},"7":{"name":"getCapsule","line":162,"loc":{"start":{"line":162,"column":4},"end":{"line":165,"column":4}}},"8":{"name":"getCapsules","line":167,"loc":{"start":{"line":167,"column":4},"end":{"line":169,"column":4}}},"9":{"name":"getSentCapsules","line":171,"loc":{"start":{"line":171,"column":4},"end":{"line":178,"column":4}}},"10":{"name":"getReceivedCapsules","line":180,"loc":{"start":{"line":180,"column":4},"end":{"line":187,"column":4}}}},"statementMap":{"1":{"start":{"line":49,"column":8},"end":{"line":49,"column":90}},"2":{"start":{"line":50,"column":8},"end":{"line":50,"column":89}},"3":{"start":{"line":51,"column":8},"end":{"line":51,"column":79}},"4":{"start":{"line":52,"column":8},"end":{"line":52,"column":81}},"5":{"start":{"line":53,"column":8},"end":{"line":53,"column":79}},"6":{"start":{"line":55,"column":8},"end":{"line":55,"column":1697}},"7":{"start":{"line":56,"column":12},"end":{"line":56,"column":72}},"8":{"start":{"line":57,"column":12},"end":{"line":57,"column":48}},"9":{"start":{"line":58,"column":12},"end":{"line":58,"column":77}},"10":{"start":{"line":61,"column":8},"end":{"line":61,"column":43}},"11":{"start":{"line":62,"column":8},"end":{"line":62,"column":2013}},"12":{"start":{"line":80,"column":8},"end":{"line":80,"column":38}},"13":{"start":{"line":81,"column":8},"end":{"line":81,"column":44}},"14":{"start":{"line":82,"column":8},"end":{"line":82,"column":38}},"15":{"start":{"line":83,"column":8},"end":{"line":83,"column":36}},"16":{"start":{"line":87,"column":8},"end":{"line":87,"column":69}},"17":{"start":{"line":88,"column":8},"end":{"line":88,"column":52}},"18":{"start":{"line":89,"column":8},"end":{"line":89,"column":96}},"19":{"start":{"line":90,"column":8},"end":{"line":90,"column":50}},"20":{"start":{"line":91,"column":8},"end":{"line":91,"column":90}},"21":{"start":{"line":92,"column":8},"end":{"line":92,"column":102}},"22":{"start":{"line":93,"column":8},"end":{"line":93,"column":81}},"23":{"start":{"line":95,"column":8},"end":{"line":95,"column":93}},"24":{"start":{"line":96,"column":8},"end":{"line":96,"column":79}},"25":{"start":{"line":97,"column":8},"end":{"line":97,"column":99}},"26":{"start":{"line":99,"column":8},"end":{"line":99,"column":85}},"27":{"start":{"line":100,"column":8},"end":{"line":100,"column":99}},"28":{"start":{"line":102,"column":8},"end":{"line":102,"column":115}},"29":{"start":{"line":102,"column":31},"end":{"line":102,"column":114}},"30":{"start":{"line":103,"column":8},"end":{"line":103,"column":3832}},"31":{"start":{"line":104,"column":12},"end":{"line":104,"column":55}},"32":{"start":{"line":105,"column":12},"end":{"line":105,"column":116}},"33":{"start":{"line":108,"column":8},"end":{"line":108,"column":37}},"34":{"start":{"line":112,"column":8},"end":{"line":112,"column":69}},"35":{"start":{"line":113,"column":8},"end":{"line":113,"column":89}},"36":{"start":{"line":114,"column":8},"end":{"line":114,"column":52}},"37":{"start":{"line":115,"column":8},"end":{"line":115,"column":89}},"38":{"start":{"line":116,"column":8},"end":{"line":116,"column":88}},"39":{"start":{"line":117,"column":8},"end":{"line":117,"column":95}},"40":{"start":{"line":119,"column":8},"end":{"line":119,"column":4742}},"41":{"start":{"line":120,"column":12},"end":{"line":120,"column":72}},"42":{"start":{"line":121,"column":12},"end":{"line":121,"column":48}},"43":{"start":{"line":122,"column":12},"end":{"line":122,"column":77}},"44":{"start":{"line":124,"column":12},"end":{"line":124,"column":36}},"45":{"start":{"line":125,"column":12},"end":{"line":125,"column":5049}},"46":{"start":{"line":126,"column":16},"end":{"line":126,"column":5123}},"47":{"start":{"line":127,"column":20},"end":{"line":127,"column":63}},"48":{"start":{"line":128,"column":20},"end":{"line":128,"column":37}},"49":{"start":{"line":132,"column":12},"end":{"line":132,"column":5335}},"50":{"start":{"line":133,"column":16},"end":{"line":133,"column":58}},"51":{"start":{"line":134,"column":16},"end":{"line":134,"column":59}},"52":{"start":{"line":137,"column":8},"end":{"line":137,"column":98}},"53":{"start":{"line":139,"column":8},"end":{"line":139,"column":45}},"54":{"start":{"line":141,"column":8},"end":{"line":141,"column":64}},"55":{"start":{"line":145,"column":8},"end":{"line":145,"column":69}},"56":{"start":{"line":146,"column":8},"end":{"line":146,"column":52}},"57":{"start":{"line":147,"column":8},"end":{"line":147,"column":96}},"58":{"start":{"line":148,"column":8},"end":{"line":148,"column":50}},"59":{"start":{"line":149,"column":8},"end":{"line":149,"column":92}},"60":{"start":{"line":150,"column":8},"end":{"line":150,"column":54}},"61":{"start":{"line":151,"column":8},"end":{"line":151,"column":52}},"62":{"start":{"line":152,"column":8},"end":{"line":152,"column":43}},"63":{"start":{"line":153,"column":8},"end":{"line":153,"column":55}},"64":{"start":{"line":159,"column":8},"end":{"line":159,"column":30}},"65":{"start":{"line":163,"column":8},"end":{"line":163,"column":69}},"66":{"start":{"line":164,"column":8},"end":{"line":164,"column":34}},"67":{"start":{"line":168,"column":8},"end":{"line":168,"column":23}},"68":{"start":{"line":172,"column":8},"end":{"line":172,"column":46}},"69":{"start":{"line":173,"column":8},"end":{"line":173,"column":57}},"70":{"start":{"line":174,"column":8},"end":{"line":174,"column":7021}},"71":{"start":{"line":175,"column":12},"end":{"line":175,"column":55}},"72":{"start":{"line":177,"column":8},"end":{"line":177,"column":24}},"73":{"start":{"line":181,"column":8},"end":{"line":181,"column":54}},"74":{"start":{"line":182,"column":8},"end":{"line":182,"column":57}},"75":{"start":{"line":183,"column":8},"end":{"line":183,"column":7377}},"76":{"start":{"line":184,"column":12},"end":{"line":184,"column":63}},"77":{"start":{"line":186,"column":8},"end":{"line":186,"column":24}}},"branchMap":{"1":{"line":49,"type":"if","locations":[{"start":{"line":49,"column":8},"end":{"line":49,"column":8}},{"start":{"line":49,"column":8},"end":{"line":49,"column":8}}]},"2":{"line":50,"type":"if","locations":[{"start":{"line":50,"column":8},"end":{"line":50,"column":8}},{"start":{"line":50,"column":8},"end":{"line":50,"column":8}}]},"3":{"line":51,"type":"if","locations":[{"start":{"line":51,"column":8},"end":{"line":51,"column":8}},{"start":{"line":51,"column":8},"end":{"line":51,"column":8}}]},"4":{"line":52,"type":"if","locations":[{"start":{"line":52,"column":8},"end":{"line":52,"column":8}},{"start":{"line":52,"column":8},"end":{"line":52,"column":8}}]},"5":{"line":53,"type":"if","locations":[{"start":{"line":53,"column":8},"end":{"line":53,"column":8}},{"start":{"line":53,"column":8},"end":{"line":53,"column":8}}]},"6":{"line":56,"type":"if","locations":[{"start":{"line":56,"column":12},"end":{"line":56,"column":12}},{"start":{"line":56,"column":12},"end":{"line":56,"column":12}}]},"7":{"line":87,"type":"if","locations":[{"start":{"line":87,"column":8},"end":{"line":87,"column":8}},{"start":{"line":87,"column":8},"end":{"line":87,"column":8}}]},"8":{"line":89,"type":"if","locations":[{"start":{"line":89,"column":8},"end":{"line":89,"column":8}},{"start":{"line":89,"column":8},"end":{"line":89,"column":8}}]},"9":{"line":90,"type":"if","locations":[{"start":{"line":90,"column":8},"end":{"line":90,"column":8}},{"start":{"line":90,"column":8},"end":{"line":90,"column":8}}]},"10":{"line":91,"type":"if","locations":[{"start":{"line":91,"column":8},"end":{"line":91,"column":8}},{"start":{"line":91,"column":8},"end":{"line":91,"column":8}}]},"11":{"line":93,"type":"if","locations":[{"start":{"line":93,"column":8},"end":{"line":93,"column":8}},{"start":{"line":93,"column":8},"end":{"line":93,"column":8}}]},"12":{"line":102,"type":"if","locations":[{"start":{"line":102,"column":8},"end":{"line":102,"column":8}},{"start":{"line":102,"column":8},"end":{"line":102,"column":8}}]},"13":{"line":112,"type":"if","locations":[{"start":{"line":112,"column":8},"end":{"line":112,"column":8}},{"start":{"line":112,"column":8},"end":{"line":112,"column":8}}]},"14":{"line":113,"type":"if","locations":[{"start":{"line":113,"column":8},"end":{"line":113,"column":8}},{"start":{"line":113,"column":8},"end":{"line":113,"column":8}}]},"15":{"line":115,"type":"if","locations":[{"start":{"line":115,"column":8},"end":{"line":115,"column":8}},{"start":{"line":115,"column":8},"end":{"line":115,"column":8}}]},"16":{"line":116,"type":"if","locations":[{"start":{"line":116,"column":8},"end":{"line":116,"column":8}},{"start":{"line":116,"column":8},"end":{"line":116,"column":8}}]},"17":{"line":117,"type":"if","locations":[{"start":{"line":117,"column":8},"end":{"line":117,"column":8}},{"start":{"line":117,"column":8},"end":{"line":117,"column":8}}]},"18":{"line":120,"type":"if","locations":[{"start":{"line":120,"column":12},"end":{"line":120,"column":12}},{"start":{"line":120,"column":12},"end":{"line":120,"column":12}}]},"19":{"line":126,"type":"if","locations":[{"start":{"line":126,"column":16},"end":{"line":126,"column":16}},{"start":{"line":126,"column":16},"end":{"line":126,"column":16}}]},"20":{"line":132,"type":"if","locations":[{"start":{"line":132,"column":12},"end":{"line":132,"column":12}},{"start":{"line":132,"column":12},"end":{"line":132,"column":12}}]},"21":{"line":137,"type":"if","locations":[{"start":{"line":137,"column":8},"end":{"line":137,"column":8}},{"start":{"line":137,"column":8},"end":{"line":137,"column":8}}]},"22":{"line":145,"type":"if","locations":[{"start":{"line":145,"column":8},"end":{"line":145,"column":8}},{"start":{"line":145,"column":8},"end":{"line":145,"column":8}}]},"23":{"line":147,"type":"if","locations":[{"start":{"line":147,"column":8},"end":{"line":147,"column":8}},{"start":{"line":147,"column":8},"end":{"line":147,"column":8}}]},"24":{"line":148,"type":"if","locations":[{"start":{"line":148,"column":8},"end":{"line":148,"column":8}},{"start":{"line":148,"column":8},"end":{"line":148,"column":8}}]},"25":{"line":149,"type":"if","locations":[{"start":{"line":149,"column":8},"end":{"line":149,"column":8}},{"start":{"line":149,"column":8},"end":{"line":149,"column":8}}]},"26":{"line":163,"type":"if","locations":[{"start":{"line":163,"column":8},"end":{"line":163,"column":8}},{"start":{"line":163,"column":8},"end":{"line":163,"column":8}}]}}}}