TN:
SF:/Users/richard/Downloads/crypto-capsule/contracts/CryptoCapsule.sol
FN:36,constructor
FN:40,createCapsule
FN:86,openCapsule
FN:111,addAssets
FN:144,updateBeneficiary
FN:158,getCapsuleCount
FN:162,getCapsule
FN:167,getCapsules
FN:171,getSentCapsules
FN:180,getReceivedCapsules
FNF:10
FNH:10
FNDA:6,constructor
FNDA:19,createCapsule
FNDA:13,openCapsule
FNDA:15,addAssets
FNDA:5,updateBeneficiary
FNDA:11,getCapsuleCount
FNDA:34,getCapsule
FNDA:4,getCapsules
FNDA:2,getSentCapsules
FNDA:6,getReceivedCapsules
DA:49,19
DA:50,18
DA:51,16
DA:52,15
DA:53,14
DA:55,12
DA:56,31
DA:57,30
DA:58,30
DA:61,11
DA:62,11
DA:80,11
DA:81,11
DA:82,11
DA:83,11
DA:87,13
DA:88,13
DA:89,13
DA:90,12
DA:91,11
DA:92,8
DA:93,8
DA:95,7
DA:96,7
DA:97,7
DA:99,7
DA:100,7
DA:102,7
DA:103,7
DA:104,9
DA:105,9
DA:108,7
DA:112,15
DA:113,14
DA:114,12
DA:115,12
DA:116,10
DA:117,10
DA:119,9
DA:120,30
DA:121,29
DA:122,29
DA:124,29
DA:125,29
DA:126,103
DA:127,16
DA:128,16
DA:129,16
DA:132,29
DA:133,13
DA:134,13
DA:137,8
DA:139,6
DA:141,6
DA:145,5
DA:146,4
DA:147,4
DA:148,3
DA:149,2
DA:150,1
DA:151,1
DA:152,1
DA:153,1
DA:159,11
DA:163,34
DA:164,33
DA:168,4
DA:172,2
DA:173,2
DA:174,2
DA:175,1
DA:177,2
DA:181,6
DA:182,6
DA:183,6
DA:184,15
DA:186,6
LF:77
LH:77
BRDA:49,1,0,18
BRDA:49,1,1,1
BRDA:50,2,0,16
BRDA:50,2,1,2
BRDA:51,3,0,15
BRDA:51,3,1,1
BRDA:52,4,0,14
BRDA:52,4,1,1
BRDA:53,5,0,12
BRDA:53,5,1,2
BRDA:56,6,0,30
BRDA:56,6,1,1
BRDA:87,7,0,13
BRDA:87,7,1,0
BRDA:89,8,0,12
BRDA:89,8,1,1
BRDA:90,9,0,11
BRDA:90,9,1,1
BRDA:91,10,0,8
BRDA:91,10,1,3
BRDA:93,11,0,7
BRDA:93,11,1,1
BRDA:102,12,0,2
BRDA:102,12,1,5
BRDA:112,13,0,14
BRDA:112,13,1,1
BRDA:113,14,0,12
BRDA:113,14,1,2
BRDA:115,15,0,10
BRDA:115,15,1,2
BRDA:116,16,0,10
BRDA:116,16,1,0
BRDA:117,17,0,9
BRDA:117,17,1,1
BRDA:120,18,0,29
BRDA:120,18,1,1
BRDA:126,19,0,16
BRDA:126,19,1,87
BRDA:132,20,0,13
BRDA:132,20,1,16
BRDA:137,21,0,6
BRDA:137,21,1,2
BRDA:145,22,0,4
BRDA:145,22,1,1
BRDA:147,23,0,3
BRDA:147,23,1,1
BRDA:148,24,0,2
BRDA:148,24,1,1
BRDA:149,25,0,1
BRDA:149,25,1,1
BRDA:163,26,0,33
BRDA:163,26,1,1
BRF:52
BRH:50
end_of_record
